[32m[I 2022-12-06 15:52:59,291][0m Trial 79 finished with value: 4.912481915239184 and parameters: {'max_depth': 5, 'min_samples_leaf': 34, 'knot_num': 32, 'n_split_grid': 14, 'n_screen_grid': 2, 'n_feature_search': 6}. Best is trial 72 with value: 3.721114707526175.[0m
[32m[I 2022-12-06 15:53:33,286][0m Trial 80 finished with value: 3.7378818653830077 and parameters: {'max_depth': 4, 'min_samples_leaf': 35, 'knot_num': 33, 'n_split_grid': 18, 'n_screen_grid': 3, 'n_feature_search': 7}. Best is trial 72 with value: 3.721114707526175.[0m
[32m[I 2022-12-06 15:54:05,966][0m Trial 81 finished with value: 3.7378818653830077 and parameters: {'max_depth': 4, 'min_samples_leaf': 35, 'knot_num': 33, 'n_split_grid': 18, 'n_screen_grid': 3, 'n_feature_search': 7}. Best is trial 72 with value: 3.721114707526175.[0m
[32m[I 2022-12-06 15:54:41,045][0m Trial 82 finished with value: 4.009019598199146 and parameters: {'max_depth': 4, 'min_samples_leaf': 34, 'knot_num': 33, 'n_split_grid': 19, 'n_screen_grid': 3, 'n_feature_search': 7}. Best is trial 72 with value: 3.721114707526175.[0m
[32m[I 2022-12-06 15:55:14,778][0m Trial 83 finished with value: 4.050475158528849 and parameters: {'max_depth': 4, 'min_samples_leaf': 35, 'knot_num': 32, 'n_split_grid': 17, 'n_screen_grid': 1, 'n_feature_search': 7}. Best is trial 72 with value: 3.721114707526175.[0m
[32m[I 2022-12-06 15:55:54,685][0m Trial 84 finished with value: 4.047666339279506 and parameters: {'max_depth': 4, 'min_samples_leaf': 34, 'knot_num': 33, 'n_split_grid': 20, 'n_screen_grid': 3, 'n_feature_search': 8}. Best is trial 72 with value: 3.721114707526175.[0m
[32m[I 2022-12-06 15:56:32,735][0m Trial 85 finished with value: 4.73021070200633 and parameters: {'max_depth': 4, 'min_samples_leaf': 35, 'knot_num': 32, 'n_split_grid': 16, 'n_screen_grid': 2, 'n_feature_search': 6}. Best is trial 72 with value: 3.721114707526175.[0m
[32m[I 2022-12-06 15:57:33,627][0m Trial 86 finished with value: 4.10336310089635 and parameters: {'max_depth': 5, 'min_samples_leaf': 25, 'knot_num': 31, 'n_split_grid': 19, 'n_screen_grid': 2, 'n_feature_search': 8}. Best is trial 72 with value: 3.721114707526175.[0m
[32m[I 2022-12-06 15:58:12,973][0m Trial 87 finished with value: 3.736454395549558 and parameters: {'max_depth': 4, 'min_samples_leaf': 35, 'knot_num': 34, 'n_split_grid': 18, 'n_screen_grid': 3, 'n_feature_search': 7}. Best is trial 72 with value: 3.721114707526175.[0m
[32m[I 2022-12-06 15:58:45,972][0m Trial 88 finished with value: 4.911833042064724 and parameters: {'max_depth': 4, 'min_samples_leaf': 34, 'knot_num': 34, 'n_split_grid': 14, 'n_screen_grid': 3, 'n_feature_search': 6}. Best is trial 72 with value: 3.721114707526175.[0m
[32m[I 2022-12-06 15:59:24,566][0m Trial 89 finished with value: 3.9203006398764177 and parameters: {'max_depth': 4, 'min_samples_leaf': 33, 'knot_num': 34, 'n_split_grid': 21, 'n_screen_grid': 1, 'n_feature_search': 8}. Best is trial 72 with value: 3.721114707526175.[0m
[32m[I 2022-12-06 15:59:58,285][0m Trial 90 finished with value: 3.933338544214908 and parameters: {'max_depth': 4, 'min_samples_leaf': 34, 'knot_num': 35, 'n_split_grid': 17, 'n_screen_grid': 3, 'n_feature_search': 7}. Best is trial 72 with value: 3.721114707526175.[0m
[32m[I 2022-12-06 16:00:33,423][0m Trial 91 finished with value: 3.7378818653830077 and parameters: {'max_depth': 4, 'min_samples_leaf': 35, 'knot_num': 33, 'n_split_grid': 18, 'n_screen_grid': 2, 'n_feature_search': 7}. Best is trial 72 with value: 3.721114707526175.[0m
[32m[I 2022-12-06 16:01:08,033][0m Trial 92 finished with value: 4.149084720672323 and parameters: {'max_depth': 4, 'min_samples_leaf': 35, 'knot_num': 33, 'n_split_grid': 20, 'n_screen_grid': 2, 'n_feature_search': 7}. Best is trial 72 with value: 3.721114707526175.[0m
[32m[I 2022-12-06 16:01:42,880][0m Trial 93 finished with value: 3.964414615863971 and parameters: {'max_depth': 4, 'min_samples_leaf': 35, 'knot_num': 34, 'n_split_grid': 19, 'n_screen_grid': 3, 'n_feature_search': 7}. Best is trial 72 with value: 3.721114707526175.[0m
[32m[I 2022-12-06 16:02:14,582][0m Trial 94 finished with value: 5.3692794907586245 and parameters: {'max_depth': 5, 'min_samples_leaf': 34, 'knot_num': 32, 'n_split_grid': 15, 'n_screen_grid': 2, 'n_feature_search': 7}. Best is trial 72 with value: 3.721114707526175.[0m
[32m[I 2022-12-06 16:02:46,210][0m Trial 95 finished with value: 3.7348205998594315 and parameters: {'max_depth': 4, 'min_samples_leaf': 35, 'knot_num': 32, 'n_split_grid': 18, 'n_screen_grid': 3, 'n_feature_search': 8}. Best is trial 72 with value: 3.721114707526175.[0m
[32m[I 2022-12-06 16:03:17,728][0m Trial 96 finished with value: 4.0073496918060165 and parameters: {'max_depth': 4, 'min_samples_leaf': 34, 'knot_num': 31, 'n_split_grid': 16, 'n_screen_grid': 3, 'n_feature_search': 8}. Best is trial 72 with value: 3.721114707526175.[0m
[32m[I 2022-12-06 16:03:49,372][0m Trial 97 finished with value: 4.068417569851898 and parameters: {'max_depth': 4, 'min_samples_leaf': 35, 'knot_num': 32, 'n_split_grid': 17, 'n_screen_grid': 1, 'n_feature_search': 8}. Best is trial 72 with value: 3.721114707526175.[0m
[32m[I 2022-12-06 16:04:18,478][0m Trial 98 finished with value: 3.9070052001520916 and parameters: {'max_depth': 4, 'min_samples_leaf': 34, 'knot_num': 32, 'n_split_grid': 13, 'n_screen_grid': 2, 'n_feature_search': 8}. Best is trial 72 with value: 3.721114707526175.[0m
[32m[I 2022-12-06 16:04:47,722][0m Trial 99 finished with value: 4.846919118436283 and parameters: {'max_depth': 4, 'min_samples_leaf': 33, 'knot_num': 31, 'n_split_grid': 18, 'n_screen_grid': 3, 'n_feature_search': 6}. Best is trial 72 with value: 3.721114707526175.[0m
